0 info it worked if it ends with ok
1 verbose cli [ 'C:\\Program Files\\nodejs\\node.exe',
1 verbose cli   'C:\\Program Files\\nodejs\\node_modules\\npm\\bin\\npm-cli.js',
1 verbose cli   'install',
1 verbose cli   'bootstap' ]
2 info using npm@2.14.4
3 info using node@v4.1.2
4 verbose install initial load of C:\Users\Parseh\Documents\GitHub\angulaJS\package.json
5 warn package.json angularJS@0.1.0 No repository field.
6 warn package.json angularJS@0.1.0 No license field.
7 verbose installManyTop reading scoped package data from C:\Users\Parseh\Documents\GitHub\angulaJS\node_modules\grunt\package.json
8 verbose installManyTop reading scoped package data from C:\Users\Parseh\Documents\GitHub\angulaJS\node_modules\grunt-contrib-concat\package.json
9 verbose installManyTop reading scoped package data from C:\Users\Parseh\Documents\GitHub\angulaJS\node_modules\grunt-contrib-cssmin\package.json
10 verbose installManyTop reading scoped package data from C:\Users\Parseh\Documents\GitHub\angulaJS\node_modules\grunt-contrib-jshint\package.json
11 verbose installManyTop reading scoped package data from C:\Users\Parseh\Documents\GitHub\angulaJS\node_modules\grunt-contrib-sass\package.json
12 verbose installManyTop reading scoped package data from C:\Users\Parseh\Documents\GitHub\angulaJS\node_modules\grunt-contrib-uglify\package.json
13 verbose installManyTop reading scoped package data from C:\Users\Parseh\Documents\GitHub\angulaJS\node_modules\grunt-contrib-watch\package.json
14 verbose installManyTop reading scoped package data from C:\Users\Parseh\Documents\GitHub\angulaJS\node_modules\grunt-min\package.json
15 info package.json grunt@0.4.5 No license field.
16 info package.json grunt-min@0.1.0 No license field.
17 info package.json grunt-contrib-concat@0.5.1 No license field.
18 info package.json grunt-contrib-sass@0.9.2 No license field.
19 info package.json grunt-contrib-watch@0.6.1 No license field.
20 verbose readDependencies loading dependencies from C:\Users\Parseh\Documents\GitHub\angulaJS\package.json
21 silly cache add args [ 'bootstap', null ]
22 verbose cache add spec bootstap
23 silly cache add parsed spec Result {
23 silly cache add   raw: 'bootstap',
23 silly cache add   scope: null,
23 silly cache add   name: 'bootstap',
23 silly cache add   rawSpec: '',
23 silly cache add   spec: '*',
23 silly cache add   type: 'range' }
24 silly addNamed bootstap@*
25 verbose addNamed "*" is a valid semver range for bootstap
26 silly addNameRange { name: 'bootstap', range: '*', hasData: false }
27 silly mapToRegistry name bootstap
28 silly mapToRegistry using default registry
29 silly mapToRegistry registry https://registry.npmjs.org/
30 silly mapToRegistry uri https://registry.npmjs.org/bootstap
31 verbose addNameRange registry:https://registry.npmjs.org/bootstap not in flight; fetching
32 verbose request uri https://registry.npmjs.org/bootstap
33 verbose request no auth needed
34 info attempt registry request try #1 at 20:16:59
35 verbose request id 0cf193620f23813e
36 http request GET https://registry.npmjs.org/bootstap
37 http 404 https://registry.npmjs.org/bootstap
38 verbose headers { 'content-type': 'application/json',
38 verbose headers   'cache-control': 'max-age=0',
38 verbose headers   'content-length': '2',
38 verbose headers   'accept-ranges': 'bytes',
38 verbose headers   date: 'Wed, 14 Oct 2015 16:47:00 GMT',
38 verbose headers   via: '1.1 varnish',
38 verbose headers   age: '0',
38 verbose headers   connection: 'keep-alive',
38 verbose headers   'x-served-by': 'cache-fra1225-FRA',
38 verbose headers   'x-cache': 'MISS',
38 verbose headers   'x-cache-hits': '0',
38 verbose headers   'x-timer': 'S1444841219.692317,VS0,VE459' }
39 silly get cb [ 404,
39 silly get   { 'content-type': 'application/json',
39 silly get     'cache-control': 'max-age=0',
39 silly get     'content-length': '2',
39 silly get     'accept-ranges': 'bytes',
39 silly get     date: 'Wed, 14 Oct 2015 16:47:00 GMT',
39 silly get     via: '1.1 varnish',
39 silly get     age: '0',
39 silly get     connection: 'keep-alive',
39 silly get     'x-served-by': 'cache-fra1225-FRA',
39 silly get     'x-cache': 'MISS',
39 silly get     'x-cache-hits': '0',
39 silly get     'x-timer': 'S1444841219.692317,VS0,VE459' } ]
40 verbose stack Error: Registry returned 404 for GET on https://registry.npmjs.org/bootstap
40 verbose stack     at makeError (C:\Program Files\nodejs\node_modules\npm\node_modules\npm-registry-client\lib\request.js:263:12)
40 verbose stack     at CachingRegistryClient.<anonymous> (C:\Program Files\nodejs\node_modules\npm\node_modules\npm-registry-client\lib\request.js:241:14)
40 verbose stack     at Request._callback (C:\Program Files\nodejs\node_modules\npm\node_modules\npm-registry-client\lib\request.js:171:14)
40 verbose stack     at Request.self.callback (C:\Program Files\nodejs\node_modules\npm\node_modules\request\request.js:198:22)
40 verbose stack     at emitTwo (events.js:87:13)
40 verbose stack     at Request.emit (events.js:172:7)
40 verbose stack     at Request.<anonymous> (C:\Program Files\nodejs\node_modules\npm\node_modules\request\request.js:1073:14)
40 verbose stack     at emitOne (events.js:82:20)
40 verbose stack     at Request.emit (events.js:169:7)
40 verbose stack     at IncomingMessage.<anonymous> (C:\Program Files\nodejs\node_modules\npm\node_modules\request\request.js:1019:12)
41 verbose statusCode 404
42 verbose pkgid bootstap
43 verbose cwd C:\Users\Parseh\Documents\GitHub\angulaJS
44 error Windows_NT 6.3.9600
45 error argv "C:\\Program Files\\nodejs\\node.exe" "C:\\Program Files\\nodejs\\node_modules\\npm\\bin\\npm-cli.js" "install" "bootstap"
46 error node v4.1.2
47 error npm  v2.14.4
48 error code E404
49 error 404 Registry returned 404 for GET on https://registry.npmjs.org/bootstap
49 error 404
49 error 404 'bootstap' is not in the npm registry.
49 error 404 You should bug the author to publish it (or use the name yourself!)
49 error 404 It was specified as a dependency of 'angularJS'
49 error 404
49 error 404 Note that you can also install from a
49 error 404 tarball, folder, http url, or git url.
50 verbose exit [ 1, true ]
